<?xml version="1.0" encoding="UTF-8"?>
<testsuite xmlns:xsi="http://www.w3.org/2001/XMLSchema-instance" xsi:noNamespaceSchemaLocation="https://maven.apache.org/surefire/maven-surefire-plugin/xsd/surefire-test-report-3.0.xsd" version="3.0" name="com.kukky.embedded.infinispan.ApplicationTests" time="3.745" tests="1" errors="0" skipped="0" failures="0">
  <properties>
[...]
</properties>
  <testcase name="contextLoads" classname="com.kukky.embedded.infinispan.ApplicationTests" time="0.382">
    <system-out><![CDATA[11:51:46.932 [main] INFO org.springframework.test.context.support.AnnotationConfigContextLoaderUtils -- Could not detect default configuration classes for test class [com.kukky.embedded.infinispan.ApplicationTests]: ApplicationTests does not declare any static, non-private, non-final, nested classes annotated with @Configuration.
11:51:46.973 [main] INFO org.springframework.boot.test.context.SpringBootTestContextBootstrapper -- Found @SpringBootConfiguration com.kukky.embedded.infinispan.Application for test class com.kukky.embedded.infinispan.ApplicationTests

  .   ____          _            __ _ _
 /\\ / ___'_ __ _ _(_)_ __  __ _ \ \ \ \
( ( )\___ | '_ | '_| | '_ \/ _` | \ \ \ \
 \\/  ___)| |_)| | | | | || (_| |  ) ) ) )
  '  |____| .__|_| |_|_| |_\__, | / / / /
 =========|_|==============|___/=/_/_/_/

 :: Spring Boot ::                (v3.3.4)

2024-10-10T11:51:47.113+05:30  INFO 39600 --- [embedded.infinispan] [           main] c.k.e.infinispan.ApplicationTests        : Starting ApplicationTests using Java 17.0.12 with PID 39600 (started by vinodatwal in /Users/vinodatwal/Downloads/embedded-infinispan)
2024-10-10T11:51:47.114+05:30  INFO 39600 --- [embedded.infinispan] [           main] c.k.e.infinispan.ApplicationTests        : No active profile set, falling back to 1 default profile: "default"
2024-10-10T11:51:47.640+05:30  INFO 39600 --- [embedded.infinispan] [           main] org.infinispan.CONTAINER                 : ISPN000556: Starting user marshaller 'org.infinispan.commons.marshall.ImmutableProtoStreamMarshaller'
2024-10-10T11:51:47.732+05:30  INFO 39600 --- [embedded.infinispan] [           main] org.infinispan.CLUSTER                   : ISPN000078: Starting JGroups channel `infinispan-cluster-global` with stack `jgroups`
2024-10-10T11:51:47.742+05:30  INFO 39600 --- [embedded.infinispan] [           main] org.jgroups.JChannel                     : local_addr: f2c0ceaa-c827-44c4-afa5-151760d9f691, name: Vinods-Laptop-64214

-------------------------------------------------------------------
GMS: address=Vinods-Laptop-64214, cluster=infinispan-cluster-global, physical address=127.0.0.1:7800
-------------------------------------------------------------------
2024-10-10T11:51:49.764+05:30  INFO 39600 --- [embedded.infinispan] [           main] org.jgroups.protocols.pbcast.GMS         : Vinods-Laptop-64214: no members discovered after 2007 ms: creating cluster as coordinator
2024-10-10T11:51:49.777+05:30  INFO 39600 --- [embedded.infinispan] [           main] org.infinispan.CLUSTER                   : ISPN000094: Received new cluster view for channel infinispan-cluster-global: [Vinods-Laptop-64214|0] (1) [Vinods-Laptop-64214]
2024-10-10T11:51:49.791+05:30  INFO 39600 --- [embedded.infinispan] [           main] org.infinispan.CLUSTER                   : ISPN000079: Channel `infinispan-cluster-global` local address is `Vinods-Laptop-64214`, physical addresses are `[127.0.0.1:7800]`
2024-10-10T11:51:50.218+05:30  INFO 39600 --- [embedded.infinispan] [           main] c.k.e.infinispan.ApplicationTests        : Started ApplicationTests in 3.196 seconds (process running for 3.558)
123
]]></system-out>
  </testcase>
</testsuite>